transact                                                 0
onServiceConnected                                       0
bindService                                              0
attachInterface                                          0
ServiceConnection                                        1
android.os.Binder                                        0
SEND_SMS                                                 0
Ljava.lang.Class.getCanonicalName                        0
Ljava.lang.Class.getMethods                              0
Ljava.lang.Class.cast                                    0
Ljava.net.URLDecoder                                     0
android.content.pm.Signature                             1
android.telephony.SmsManager                             0
READ_PHONE_STATE                                         0
getBinder                                                0
ClassLoader                                              1
Landroid.content.Context.registerReceiver                0
Ljava.lang.Class.getField                                0
Landroid.content.Context.unregisterReceiver              0
GET_ACCOUNTS                                             0
RECEIVE_SMS                                              0
Ljava.lang.Class.getDeclaredField                        0
READ_SMS                                                 0
getCallingUid                                            0
Ljavax.crypto.spec.SecretKeySpec                         0
android.intent.action.BOOT_COMPLETED                     0
USE_CREDENTIALS                                          0
MANAGE_ACCOUNTS                                          0
android.content.pm.PackageInfo                           1
KeySpec                                                  0
TelephonyManager.getLine1Number                          0
DexClassLoader                                           0
HttpGet.init                                             0
SecretKey                                                0
Ljava.lang.Class.getMethod                               0        
System.loadLibrary                                       0        
android.intent.action.SEND                               0        
Ljavax.crypto.Cipher                                     1        
WRITE_SMS                                                0        
READ_SYNC_SETTINGS                                       0        
android.telephony.gsm.SmsManager                         0        
WRITE_HISTORY_BOOKMARKS                                  0        
TelephonyManager.getSubscriberId                         0        
mount                                                    0        
INSTALL_PACKAGES                                         0        
Runtime.getRuntime                                       0        
Ljava.lang.Object.getClass                               0        
READ_HISTORY_BOOKMARKS                                   0        
Ljava.lang.Class.forName                                 0        
Binder                                                   1